<?xml version="1.0" encoding="UTF-8"?>
<!-- Generated by org.testng.reporters.JUnitReportReporter -->
<testsuite hostname="Lohith" failures="0" tests="1" name="testscript.Login" time="12.062" errors="0" timestamp="2022-05-18T22:47:23 IST" skipped="0">
  <testcase classname="testscript.Login" name="tc" time="12.062"/>
  <system-out/>
</testsuite> <!-- testscript.Login -->
